[ 2014-03-13T04:26:43+08:00 ] 210.149.170.98 /
INFO: [ app_init ] --START--
INFO: [ app_init ] --END-- [ RunTime:0.004746s ]
INFO: [ app_begin ] --START--
INFO: Run Behavior\ReadHtmlCache [ RunTime:0.000069s ]
INFO: [ app_begin ] --END-- [ RunTime:0.000173s ]
INFO: [ action_begin ] --START--
INFO: [ action_begin ] --END-- [ RunTime:0.000060s ]
INFO: [ view_begin ] --START--
INFO: [ view_begin ] --END-- [ RunTime:0.000122s ]
INFO: [ view_parse ] --START--
INFO: [ template_filter ] --START--
INFO: Run Behavior\ContentReplace [ RunTime:0.000208s ]
INFO: [ template_filter ] --END-- [ RunTime:0.000409s ]
NOTIC: [8] Undefined variable: tile /alidata/www/zrl/apps/zrl/Runtime/Cache/Home/ede5b53b030db22d1d6540c2a87c41a0.php 第 4 行.
INFO: Run Behavior\ParseTemplate [ RunTime:0.416975s ]
INFO: [ view_parse ] --END-- [ RunTime:0.417264s ]
INFO: [ view_filter ] --START--
INFO: Run Behavior\WriteHtmlCache [ RunTime:0.000066s ]
INFO: [ view_filter ] --END-- [ RunTime:0.000252s ]
INFO: [ view_end ] --START--
INFO: [ view_end ] --END-- [ RunTime:0.000074s ]
INFO: [ app_end ] --START--
INFO: Run Behavior\ShowPageTrace [ RunTime:0.000185s ]
INFO: [ app_end ] --END-- [ RunTime:0.000367s ]

[ 2014-03-13T05:03:41+08:00 ] 203.241.192.222 /
INFO: [ app_init ] --START--
INFO: [ app_init ] --END-- [ RunTime:0.002398s ]
INFO: [ app_begin ] --START--
INFO: Run Behavior\ReadHtmlCache [ RunTime:0.000089s ]
INFO: [ app_begin ] --END-- [ RunTime:0.000239s ]
INFO: [ action_begin ] --START--
INFO: [ action_begin ] --END-- [ RunTime:0.000095s ]
INFO: [ view_begin ] --START--
INFO: [ view_begin ] --END-- [ RunTime:0.000061s ]
INFO: [ view_parse ] --START--
INFO: [ template_filter ] --START--
INFO: Run Behavior\ContentReplace [ RunTime:0.000104s ]
INFO: [ template_filter ] --END-- [ RunTime:0.000245s ]
NOTIC: [8] Undefined variable: tile /alidata/www/zrl/apps/zrl/Runtime/Cache/Home/ede5b53b030db22d1d6540c2a87c41a0.php 第 4 行.
INFO: Run Behavior\ParseTemplate [ RunTime:0.021544s ]
INFO: [ view_parse ] --END-- [ RunTime:0.021688s ]
INFO: [ view_filter ] --START--
INFO: Run Behavior\WriteHtmlCache [ RunTime:0.000023s ]
INFO: [ view_filter ] --END-- [ RunTime:0.000098s ]
INFO: [ view_end ] --START--
INFO: [ view_end ] --END-- [ RunTime:0.000042s ]
INFO: [ app_end ] --START--
INFO: Run Behavior\ShowPageTrace [ RunTime:0.000072s ]
INFO: [ app_end ] --END-- [ RunTime:0.000147s ]

[ 2014-03-13T05:56:59+08:00 ] 162.213.24.36 /status?full=true
INFO: [ app_init ] --START--
INFO: [ app_init ] --END-- [ RunTime:0.002484s ]
INFO: [ path_info ] --START--
INFO: [ path_info ] --END-- [ RunTime:0.000060s ]
INFO: [ app_begin ] --START--
INFO: Run Behavior\ReadHtmlCache [ RunTime:0.000134s ]
INFO: [ app_begin ] --END-- [ RunTime:0.000285s ]
INFO: [ action_begin ] --START--
INFO: [ action_begin ] --END-- [ RunTime:0.000147s ]
NOTIC: [8192] Function eregi() is deprecated /alidata/www/zrl/apps/zrl/Home/Controller/IndexController.class.php 第 192 行.
SQL: SHOW COLUMNS FROM `urls` [ RunTime:0.264335s ]
SQL: SELECT * FROM `urls` WHERE ( ShortUrl='status' ) LIMIT 1   [ RunTime:0.209241s ]

[ 2014-03-13T05:57:04+08:00 ] 162.213.24.36 /
INFO: [ app_init ] --START--
INFO: [ app_init ] --END-- [ RunTime:0.001467s ]
INFO: [ app_begin ] --START--
INFO: Run Behavior\ReadHtmlCache [ RunTime:0.000072s ]
INFO: [ app_begin ] --END-- [ RunTime:0.000159s ]
INFO: [ action_begin ] --START--
INFO: [ action_begin ] --END-- [ RunTime:0.000064s ]
INFO: [ view_begin ] --START--
INFO: [ view_begin ] --END-- [ RunTime:0.000039s ]
INFO: [ view_parse ] --START--
INFO: [ template_filter ] --START--
INFO: Run Behavior\ContentReplace [ RunTime:0.000152s ]
INFO: [ template_filter ] --END-- [ RunTime:0.000302s ]
NOTIC: [8] Undefined variable: tile /alidata/www/zrl/apps/zrl/Runtime/Cache/Home/ede5b53b030db22d1d6540c2a87c41a0.php 第 4 行.
INFO: Run Behavior\ParseTemplate [ RunTime:0.018159s ]
INFO: [ view_parse ] --END-- [ RunTime:0.018274s ]
INFO: [ view_filter ] --START--
INFO: Run Behavior\WriteHtmlCache [ RunTime:0.000033s ]
INFO: [ view_filter ] --END-- [ RunTime:0.000149s ]
INFO: [ view_end ] --START--
INFO: [ view_end ] --END-- [ RunTime:0.000066s ]
INFO: [ app_end ] --START--
INFO: Run Behavior\ShowPageTrace [ RunTime:0.000102s ]
INFO: [ app_end ] --END-- [ RunTime:0.000221s ]

[ 2014-03-13T08:12:14+08:00 ] 101.131.144.124 /
INFO: [ app_init ] --START--
INFO: [ app_init ] --END-- [ RunTime:0.002176s ]
INFO: [ app_begin ] --START--
INFO: Run Behavior\ReadHtmlCache [ RunTime:0.000185s ]
INFO: [ app_begin ] --END-- [ RunTime:0.000358s ]
INFO: [ action_begin ] --START--
INFO: [ action_begin ] --END-- [ RunTime:0.000153s ]
INFO: [ view_begin ] --START--
INFO: [ view_begin ] --END-- [ RunTime:0.000086s ]
INFO: [ view_parse ] --START--
INFO: [ template_filter ] --START--
INFO: Run Behavior\ContentReplace [ RunTime:0.000163s ]
INFO: [ template_filter ] --END-- [ RunTime:0.000362s ]
NOTIC: [8] Undefined variable: tile /alidata/www/zrl/apps/zrl/Runtime/Cache/Home/ede5b53b030db22d1d6540c2a87c41a0.php 第 4 行.
INFO: Run Behavior\ParseTemplate [ RunTime:0.348495s ]
INFO: [ view_parse ] --END-- [ RunTime:0.348724s ]
INFO: [ view_filter ] --START--
INFO: Run Behavior\WriteHtmlCache [ RunTime:0.000058s ]
INFO: [ view_filter ] --END-- [ RunTime:0.000223s ]
INFO: [ view_end ] --START--
INFO: [ view_end ] --END-- [ RunTime:0.000059s ]
INFO: [ app_end ] --START--
INFO: Run Behavior\ShowPageTrace [ RunTime:0.000103s ]
INFO: [ app_end ] --END-- [ RunTime:0.000229s ]

[ 2014-03-13T08:18:46+08:00 ] 101.131.144.124 /
INFO: [ app_init ] --START--
INFO: [ app_init ] --END-- [ RunTime:0.001699s ]
INFO: [ app_begin ] --START--
INFO: Run Behavior\ReadHtmlCache [ RunTime:0.000081s ]
INFO: [ app_begin ] --END-- [ RunTime:0.000191s ]
INFO: [ action_begin ] --START--
INFO: [ action_begin ] --END-- [ RunTime:0.000056s ]
INFO: [ view_begin ] --START--
INFO: [ view_begin ] --END-- [ RunTime:0.000065s ]
INFO: [ view_parse ] --START--
INFO: [ template_filter ] --START--
INFO: Run Behavior\ContentReplace [ RunTime:0.000140s ]
INFO: [ template_filter ] --END-- [ RunTime:0.000309s ]
NOTIC: [8] Undefined variable: tile /alidata/www/zrl/apps/zrl/Runtime/Cache/Home/ede5b53b030db22d1d6540c2a87c41a0.php 第 4 行.
INFO: Run Behavior\ParseTemplate [ RunTime:0.142817s ]
INFO: [ view_parse ] --END-- [ RunTime:0.142965s ]
INFO: [ view_filter ] --START--
INFO: Run Behavior\WriteHtmlCache [ RunTime:0.000024s ]
INFO: [ view_filter ] --END-- [ RunTime:0.000122s ]
INFO: [ view_end ] --START--
INFO: [ view_end ] --END-- [ RunTime:0.000041s ]
INFO: [ app_end ] --START--
INFO: Run Behavior\ShowPageTrace [ RunTime:0.000065s ]
INFO: [ app_end ] --END-- [ RunTime:0.000164s ]

[ 2014-03-13T09:35:11+08:00 ] 101.131.144.124 /
INFO: [ app_init ] --START--
INFO: [ app_init ] --END-- [ RunTime:0.002446s ]
INFO: [ app_begin ] --START--
INFO: Run Behavior\ReadHtmlCache [ RunTime:0.000156s ]
INFO: [ app_begin ] --END-- [ RunTime:0.000410s ]
INFO: [ action_begin ] --START--
INFO: [ action_begin ] --END-- [ RunTime:0.000170s ]
INFO: [ view_begin ] --START--
INFO: [ view_begin ] --END-- [ RunTime:0.000107s ]
INFO: [ view_parse ] --START--
INFO: [ template_filter ] --START--
INFO: Run Behavior\ContentReplace [ RunTime:0.000159s ]
INFO: [ template_filter ] --END-- [ RunTime:0.000389s ]
NOTIC: [8] Undefined variable: tile /alidata/www/zrl/apps/zrl/Runtime/Cache/Home/ede5b53b030db22d1d6540c2a87c41a0.php 第 4 行.
INFO: Run Behavior\ParseTemplate [ RunTime:0.301839s ]
INFO: [ view_parse ] --END-- [ RunTime:0.302048s ]
INFO: [ view_filter ] --START--
INFO: Run Behavior\WriteHtmlCache [ RunTime:0.000047s ]
INFO: [ view_filter ] --END-- [ RunTime:0.000187s ]
INFO: [ view_end ] --START--
INFO: [ view_end ] --END-- [ RunTime:0.000106s ]
INFO: [ app_end ] --START--
INFO: Run Behavior\ShowPageTrace [ RunTime:0.000159s ]
INFO: [ app_end ] --END-- [ RunTime:0.000391s ]

[ 2014-03-13T09:35:33+08:00 ] 101.131.144.124 /
INFO: [ app_init ] --START--
INFO: [ app_init ] --END-- [ RunTime:0.002033s ]
INFO: [ app_begin ] --START--
INFO: Run Behavior\ReadHtmlCache [ RunTime:0.000068s ]
INFO: [ app_begin ] --END-- [ RunTime:0.000167s ]
INFO: [ action_begin ] --START--
INFO: [ action_begin ] --END-- [ RunTime:0.000137s ]
INFO: [ view_begin ] --START--
INFO: [ view_begin ] --END-- [ RunTime:0.000039s ]
INFO: [ view_parse ] --START--
INFO: [ template_filter ] --START--
INFO: Run Behavior\ContentReplace [ RunTime:0.000118s ]
INFO: [ template_filter ] --END-- [ RunTime:0.000292s ]
NOTIC: [8] Undefined variable: tile /alidata/www/zrl/apps/zrl/Runtime/Cache/Home/ede5b53b030db22d1d6540c2a87c41a0.php 第 4 行.
INFO: Run Behavior\ParseTemplate [ RunTime:0.017097s ]
INFO: [ view_parse ] --END-- [ RunTime:0.017208s ]
INFO: [ view_filter ] --START--
INFO: Run Behavior\WriteHtmlCache [ RunTime:0.000032s ]
INFO: [ view_filter ] --END-- [ RunTime:0.000149s ]
INFO: [ view_end ] --START--
INFO: [ view_end ] --END-- [ RunTime:0.000045s ]
INFO: [ app_end ] --START--
INFO: Run Behavior\ShowPageTrace [ RunTime:0.000067s ]
INFO: [ app_end ] --END-- [ RunTime:0.000143s ]

[ 2014-03-13T09:35:39+08:00 ] 101.131.144.124 /about.html
INFO: [ app_init ] --START--
INFO: [ app_init ] --END-- [ RunTime:0.000316s ]
INFO: [ path_info ] --START--
INFO: [ path_info ] --END-- [ RunTime:0.000074s ]
INFO: [ app_begin ] --START--
INFO: Run Behavior\ReadHtmlCache [ RunTime:0.000107s ]
INFO: [ app_begin ] --END-- [ RunTime:0.000268s ]
INFO: [ action_begin ] --START--
INFO: [ action_begin ] --END-- [ RunTime:0.000043s ]
INFO: [ view_begin ] --START--
INFO: [ view_begin ] --END-- [ RunTime:0.000083s ]
INFO: [ view_parse ] --START--
INFO: [ template_filter ] --START--
INFO: Run Behavior\ContentReplace [ RunTime:0.000086s ]
INFO: [ template_filter ] --END-- [ RunTime:0.000187s ]
NOTIC: [8] Undefined variable: tile /alidata/www/zrl/apps/zrl/Runtime/Cache/Home/85111d46fa076542f2278efa151d75c6.php 第 4 行.
INFO: Run Behavior\ParseTemplate [ RunTime:0.016227s ]
INFO: [ view_parse ] --END-- [ RunTime:0.016346s ]
INFO: [ view_filter ] --START--
INFO: Run Behavior\WriteHtmlCache [ RunTime:0.000040s ]
INFO: [ view_filter ] --END-- [ RunTime:0.000152s ]
INFO: [ view_end ] --START--
INFO: [ view_end ] --END-- [ RunTime:0.000048s ]
INFO: [ app_end ] --START--
INFO: Run Behavior\ShowPageTrace [ RunTime:0.000095s ]
INFO: [ app_end ] --END-- [ RunTime:0.000265s ]

[ 2014-03-13T09:35:54+08:00 ] 101.131.144.124 /
INFO: [ app_init ] --START--
INFO: [ app_init ] --END-- [ RunTime:0.000321s ]
INFO: [ app_begin ] --START--
INFO: Run Behavior\ReadHtmlCache [ RunTime:0.000064s ]
INFO: [ app_begin ] --END-- [ RunTime:0.000149s ]
INFO: [ action_begin ] --START--
INFO: [ action_begin ] --END-- [ RunTime:0.000047s ]
INFO: [ view_begin ] --START--
INFO: [ view_begin ] --END-- [ RunTime:0.000036s ]
INFO: [ view_parse ] --START--
INFO: [ template_filter ] --START--
INFO: Run Behavior\ContentReplace [ RunTime:0.000137s ]
INFO: [ template_filter ] --END-- [ RunTime:0.000282s ]
NOTIC: [8] Undefined variable: tile /alidata/www/zrl/apps/zrl/Runtime/Cache/Home/ede5b53b030db22d1d6540c2a87c41a0.php 第 4 行.
INFO: Run Behavior\ParseTemplate [ RunTime:0.010751s ]
INFO: [ view_parse ] --END-- [ RunTime:0.010838s ]
INFO: [ view_filter ] --START--
INFO: Run Behavior\WriteHtmlCache [ RunTime:0.000033s ]
INFO: [ view_filter ] --END-- [ RunTime:0.000146s ]
INFO: [ view_end ] --START--
INFO: [ view_end ] --END-- [ RunTime:0.000061s ]
INFO: [ app_end ] --START--
INFO: Run Behavior\ShowPageTrace [ RunTime:0.000053s ]
INFO: [ app_end ] --END-- [ RunTime:0.000174s ]

[ 2014-03-13T09:43:49+08:00 ] 65.55.213.51 /
INFO: [ app_init ] --START--
INFO: [ app_init ] --END-- [ RunTime:0.002009s ]
INFO: [ app_begin ] --START--
INFO: Run Behavior\ReadHtmlCache [ RunTime:0.000121s ]
INFO: [ app_begin ] --END-- [ RunTime:0.000315s ]
INFO: [ action_begin ] --START--
INFO: [ action_begin ] --END-- [ RunTime:0.000089s ]
INFO: [ view_begin ] --START--
INFO: [ view_begin ] --END-- [ RunTime:0.000077s ]
INFO: [ view_parse ] --START--
INFO: [ template_filter ] --START--
INFO: Run Behavior\ContentReplace [ RunTime:0.000135s ]
INFO: [ template_filter ] --END-- [ RunTime:0.000308s ]
NOTIC: [8] Undefined variable: tile /alidata/www/zrl/apps/zrl/Runtime/Cache/Home/ede5b53b030db22d1d6540c2a87c41a0.php 第 4 行.
INFO: Run Behavior\ParseTemplate [ RunTime:0.060478s ]
INFO: [ view_parse ] --END-- [ RunTime:0.060624s ]
INFO: [ view_filter ] --START--
INFO: Run Behavior\WriteHtmlCache [ RunTime:0.000048s ]
INFO: [ view_filter ] --END-- [ RunTime:0.000169s ]
INFO: [ view_end ] --START--
INFO: [ view_end ] --END-- [ RunTime:0.000047s ]
INFO: [ app_end ] --START--
INFO: Run Behavior\ShowPageTrace [ RunTime:0.000091s ]
INFO: [ app_end ] --END-- [ RunTime:0.000251s ]

[ 2014-03-13T10:06:26+08:00 ] 101.131.144.124 /
INFO: [ app_init ] --START--
INFO: [ app_init ] --END-- [ RunTime:0.001659s ]
INFO: [ app_begin ] --START--
INFO: Run Behavior\ReadHtmlCache [ RunTime:0.000115s ]
INFO: [ app_begin ] --END-- [ RunTime:0.000269s ]
INFO: [ action_begin ] --START--
INFO: [ action_begin ] --END-- [ RunTime:0.000071s ]
INFO: [ view_begin ] --START--
INFO: [ view_begin ] --END-- [ RunTime:0.000105s ]
INFO: [ view_parse ] --START--
INFO: [ template_filter ] --START--
INFO: Run Behavior\ContentReplace [ RunTime:0.000251s ]
INFO: [ template_filter ] --END-- [ RunTime:0.000595s ]
NOTIC: [8] Undefined variable: tile /alidata/www/zrl/apps/zrl/Runtime/Cache/Home/ede5b53b030db22d1d6540c2a87c41a0.php 第 4 行.
INFO: Run Behavior\ParseTemplate [ RunTime:0.085036s ]
INFO: [ view_parse ] --END-- [ RunTime:0.085165s ]
INFO: [ view_filter ] --START--
INFO: Run Behavior\WriteHtmlCache [ RunTime:0.000026s ]
INFO: [ view_filter ] --END-- [ RunTime:0.000101s ]
INFO: [ view_end ] --START--
INFO: [ view_end ] --END-- [ RunTime:0.000031s ]
INFO: [ app_end ] --START--
INFO: Run Behavior\ShowPageTrace [ RunTime:0.000061s ]
INFO: [ app_end ] --END-- [ RunTime:0.000135s ]

[ 2014-03-13T10:46:58+08:00 ] 123.177.18.149 /
INFO: [ app_init ] --START--
INFO: [ app_init ] --END-- [ RunTime:0.002049s ]
INFO: [ app_begin ] --START--
INFO: Run Behavior\ReadHtmlCache [ RunTime:0.000142s ]
INFO: [ app_begin ] --END-- [ RunTime:0.000303s ]
INFO: [ action_begin ] --START--
INFO: [ action_begin ] --END-- [ RunTime:0.000170s ]
INFO: [ view_begin ] --START--
INFO: [ view_begin ] --END-- [ RunTime:0.000054s ]
INFO: [ view_parse ] --START--
INFO: [ template_filter ] --START--
INFO: Run Behavior\ContentReplace [ RunTime:0.000094s ]
INFO: [ template_filter ] --END-- [ RunTime:0.000206s ]
NOTIC: [8] Undefined variable: tile /alidata/www/zrl/apps/zrl/Runtime/Cache/Home/ede5b53b030db22d1d6540c2a87c41a0.php 第 4 行.
INFO: Run Behavior\ParseTemplate [ RunTime:0.079971s ]
INFO: [ view_parse ] --END-- [ RunTime:0.080112s ]
INFO: [ view_filter ] --START--
INFO: Run Behavior\WriteHtmlCache [ RunTime:0.000035s ]
INFO: [ view_filter ] --END-- [ RunTime:0.000173s ]
INFO: [ view_end ] --START--
INFO: [ view_end ] --END-- [ RunTime:0.000049s ]
INFO: [ app_end ] --START--
INFO: Run Behavior\ShowPageTrace [ RunTime:0.000089s ]
INFO: [ app_end ] --END-- [ RunTime:0.000225s ]

[ 2014-03-13T10:47:20+08:00 ] 123.177.18.149 /
INFO: [ app_init ] --START--
INFO: [ app_init ] --END-- [ RunTime:0.001793s ]
INFO: [ app_begin ] --START--
INFO: Run Behavior\ReadHtmlCache [ RunTime:0.000078s ]
INFO: [ app_begin ] --END-- [ RunTime:0.000166s ]
INFO: [ action_begin ] --START--
INFO: [ action_begin ] --END-- [ RunTime:0.000099s ]
INFO: [ view_begin ] --START--
INFO: [ view_begin ] --END-- [ RunTime:0.000037s ]
INFO: [ view_parse ] --START--
INFO: [ template_filter ] --START--
INFO: Run Behavior\ContentReplace [ RunTime:0.000153s ]
INFO: [ template_filter ] --END-- [ RunTime:0.000340s ]
NOTIC: [8] Undefined variable: tile /alidata/www/zrl/apps/zrl/Runtime/Cache/Home/ede5b53b030db22d1d6540c2a87c41a0.php 第 4 行.
INFO: Run Behavior\ParseTemplate [ RunTime:0.024593s ]
INFO: [ view_parse ] --END-- [ RunTime:0.024730s ]
INFO: [ view_filter ] --START--
INFO: Run Behavior\WriteHtmlCache [ RunTime:0.000034s ]
INFO: [ view_filter ] --END-- [ RunTime:0.000148s ]
INFO: [ view_end ] --START--
INFO: [ view_end ] --END-- [ RunTime:0.000065s ]
INFO: [ app_end ] --START--
INFO: Run Behavior\ShowPageTrace [ RunTime:0.000087s ]
INFO: [ app_end ] --END-- [ RunTime:0.000228s ]

[ 2014-03-13T13:26:11+08:00 ] 123.125.232.11 /
INFO: [ app_init ] --START--
INFO: [ app_init ] --END-- [ RunTime:0.002516s ]
INFO: [ app_begin ] --START--
INFO: Run Behavior\ReadHtmlCache [ RunTime:0.000109s ]
INFO: [ app_begin ] --END-- [ RunTime:0.000241s ]
INFO: [ action_begin ] --START--
INFO: [ action_begin ] --END-- [ RunTime:0.000100s ]
INFO: [ view_begin ] --START--
INFO: [ view_begin ] --END-- [ RunTime:0.000068s ]
INFO: [ view_parse ] --START--
INFO: [ template_filter ] --START--
INFO: Run Behavior\ContentReplace [ RunTime:0.003740s ]
INFO: [ template_filter ] --END-- [ RunTime:0.003873s ]
NOTIC: [8] Undefined variable: tile /alidata/www/zrl/apps/zrl/Runtime/Cache/Home/ede5b53b030db22d1d6540c2a87c41a0.php 第 4 行.
INFO: Run Behavior\ParseTemplate [ RunTime:0.134994s ]
INFO: [ view_parse ] --END-- [ RunTime:0.135099s ]
INFO: [ view_filter ] --START--
INFO: Run Behavior\WriteHtmlCache [ RunTime:0.000023s ]
INFO: [ view_filter ] --END-- [ RunTime:0.000119s ]
INFO: [ view_end ] --START--
INFO: [ view_end ] --END-- [ RunTime:0.000031s ]
INFO: [ app_end ] --START--
INFO: Run Behavior\ShowPageTrace [ RunTime:0.000058s ]
INFO: [ app_end ] --END-- [ RunTime:0.000130s ]

[ 2014-03-13T14:10:09+08:00 ] 123.177.18.149 /
INFO: [ app_init ] --START--
INFO: [ app_init ] --END-- [ RunTime:0.002633s ]
INFO: [ app_begin ] --START--
INFO: Run Behavior\ReadHtmlCache [ RunTime:0.000135s ]
INFO: [ app_begin ] --END-- [ RunTime:0.000333s ]
INFO: [ action_begin ] --START--
INFO: [ action_begin ] --END-- [ RunTime:0.000083s ]
INFO: [ view_begin ] --START--
INFO: [ view_begin ] --END-- [ RunTime:0.000120s ]
INFO: [ view_parse ] --START--
INFO: [ template_filter ] --START--
INFO: Run Behavior\ContentReplace [ RunTime:0.000123s ]
INFO: [ template_filter ] --END-- [ RunTime:0.000276s ]
NOTIC: [8] Undefined variable: tile /alidata/www/zrl/apps/zrl/Runtime/Cache/Home/ede5b53b030db22d1d6540c2a87c41a0.php 第 4 行.
INFO: Run Behavior\ParseTemplate [ RunTime:0.139076s ]
INFO: [ view_parse ] --END-- [ RunTime:0.139337s ]
INFO: [ view_filter ] --START--
INFO: Run Behavior\WriteHtmlCache [ RunTime:0.000064s ]
INFO: [ view_filter ] --END-- [ RunTime:0.000282s ]
INFO: [ view_end ] --START--
INFO: [ view_end ] --END-- [ RunTime:0.000056s ]
INFO: [ app_end ] --START--
INFO: Run Behavior\ShowPageTrace [ RunTime:0.000092s ]
INFO: [ app_end ] --END-- [ RunTime:0.000229s ]

[ 2014-03-13T14:10:26+08:00 ] 123.177.18.149 /contact.html
INFO: [ app_init ] --START--
INFO: [ app_init ] --END-- [ RunTime:0.003271s ]
INFO: [ path_info ] --START--
INFO: [ path_info ] --END-- [ RunTime:0.000061s ]
INFO: [ app_begin ] --START--
INFO: Run Behavior\ReadHtmlCache [ RunTime:0.000101s ]
INFO: [ app_begin ] --END-- [ RunTime:0.000195s ]
INFO: [ action_begin ] --START--
INFO: [ action_begin ] --END-- [ RunTime:0.000046s ]
INFO: [ view_begin ] --START--
INFO: [ view_begin ] --END-- [ RunTime:0.000049s ]
INFO: [ view_parse ] --START--
INFO: [ template_filter ] --START--
INFO: Run Behavior\ContentReplace [ RunTime:0.000093s ]
INFO: [ template_filter ] --END-- [ RunTime:0.000251s ]
NOTIC: [8] Undefined variable: tile /alidata/www/zrl/apps/zrl/Runtime/Cache/Home/3f0f942a49992776f1e175d65c1f8ca1.php 第 4 行.
INFO: Run Behavior\ParseTemplate [ RunTime:0.035153s ]
INFO: [ view_parse ] --END-- [ RunTime:0.035292s ]
INFO: [ view_filter ] --START--
INFO: Run Behavior\WriteHtmlCache [ RunTime:0.000044s ]
INFO: [ view_filter ] --END-- [ RunTime:0.000138s ]
INFO: [ view_end ] --START--
INFO: [ view_end ] --END-- [ RunTime:0.000065s ]
INFO: [ app_end ] --START--
INFO: Run Behavior\ShowPageTrace [ RunTime:0.000116s ]
INFO: [ app_end ] --END-- [ RunTime:0.000216s ]

[ 2014-03-13T14:10:31+08:00 ] 123.177.18.149 /about.html
INFO: [ app_init ] --START--
INFO: [ app_init ] --END-- [ RunTime:0.000534s ]
INFO: [ path_info ] --START--
INFO: [ path_info ] --END-- [ RunTime:0.000100s ]
INFO: [ app_begin ] --START--
INFO: Run Behavior\ReadHtmlCache [ RunTime:0.000163s ]
INFO: [ app_begin ] --END-- [ RunTime:0.000344s ]
INFO: [ action_begin ] --START--
INFO: [ action_begin ] --END-- [ RunTime:0.000096s ]
INFO: [ view_begin ] --START--
INFO: [ view_begin ] --END-- [ RunTime:0.000085s ]
INFO: [ view_parse ] --START--
INFO: [ template_filter ] --START--
INFO: Run Behavior\ContentReplace [ RunTime:0.000097s ]
INFO: [ template_filter ] --END-- [ RunTime:0.000218s ]
NOTIC: [8] Undefined variable: tile /alidata/www/zrl/apps/zrl/Runtime/Cache/Home/85111d46fa076542f2278efa151d75c6.php 第 4 行.
INFO: Run Behavior\ParseTemplate [ RunTime:0.013362s ]
INFO: [ view_parse ] --END-- [ RunTime:0.013513s ]
INFO: [ view_filter ] --START--
INFO: Run Behavior\WriteHtmlCache [ RunTime:0.000050s ]
INFO: [ view_filter ] --END-- [ RunTime:0.000240s ]
INFO: [ view_end ] --START--
INFO: [ view_end ] --END-- [ RunTime:0.000079s ]
INFO: [ app_end ] --START--
INFO: Run Behavior\ShowPageTrace [ RunTime:0.000158s ]
INFO: [ app_end ] --END-- [ RunTime:0.000345s ]

[ 2014-03-13T14:11:47+08:00 ] 123.177.18.149 /
INFO: [ app_init ] --START--
INFO: [ app_init ] --END-- [ RunTime:0.001538s ]
INFO: [ app_begin ] --START--
INFO: Run Behavior\ReadHtmlCache [ RunTime:0.000078s ]
INFO: [ app_begin ] --END-- [ RunTime:0.000176s ]
INFO: [ action_begin ] --START--
INFO: [ action_begin ] --END-- [ RunTime:0.000072s ]
INFO: [ view_begin ] --START--
INFO: [ view_begin ] --END-- [ RunTime:0.000058s ]
INFO: [ view_parse ] --START--
INFO: [ template_filter ] --START--
INFO: Run Behavior\ContentReplace [ RunTime:0.000096s ]
INFO: [ template_filter ] --END-- [ RunTime:0.000211s ]
NOTIC: [8] Undefined variable: tile /alidata/www/zrl/apps/zrl/Runtime/Cache/Home/ede5b53b030db22d1d6540c2a87c41a0.php 第 4 行.
INFO: Run Behavior\ParseTemplate [ RunTime:0.025090s ]
INFO: [ view_parse ] --END-- [ RunTime:0.025231s ]
INFO: [ view_filter ] --START--
INFO: Run Behavior\WriteHtmlCache [ RunTime:0.000045s ]
INFO: [ view_filter ] --END-- [ RunTime:0.000182s ]
INFO: [ view_end ] --START--
INFO: [ view_end ] --END-- [ RunTime:0.000058s ]
INFO: [ app_end ] --START--
INFO: Run Behavior\ShowPageTrace [ RunTime:0.000107s ]
INFO: [ app_end ] --END-- [ RunTime:0.000251s ]

[ 2014-03-13T14:11:52+08:00 ] 123.177.18.149 /v/newentry.html
INFO: [ app_init ] --START--
INFO: [ app_init ] --END-- [ RunTime:0.002136s ]
INFO: [ path_info ] --START--
INFO: [ path_info ] --END-- [ RunTime:0.000064s ]
INFO: [ app_begin ] --START--
INFO: Run Behavior\ReadHtmlCache [ RunTime:0.000115s ]
INFO: [ app_begin ] --END-- [ RunTime:0.000271s ]
INFO: [ action_begin ] --START--
INFO: [ action_begin ] --END-- [ RunTime:0.000130s ]
INFO: [ app_end ] --START--
INFO: Run Behavior\ShowPageTrace [ RunTime:0.000096s ]
INFO: [ app_end ] --END-- [ RunTime:0.000379s ]

[ 2014-03-13T14:11:59+08:00 ] 123.177.18.149 /encode.html
INFO: [ app_init ] --START--
INFO: [ app_init ] --END-- [ RunTime:0.009928s ]
INFO: [ path_info ] --START--
INFO: [ path_info ] --END-- [ RunTime:0.000074s ]
INFO: [ app_begin ] --START--
INFO: Run Behavior\ReadHtmlCache [ RunTime:0.000118s ]
INFO: [ app_begin ] --END-- [ RunTime:0.000220s ]
INFO: [ action_begin ] --START--
INFO: [ action_begin ] --END-- [ RunTime:0.000069s ]
SQL: SHOW COLUMNS FROM `urls` [ RunTime:0.160722s ]
SQL: SELECT * FROM `urls` WHERE ( md5=0xcd426b0ee3fbae4da98005c7059274b1 ) LIMIT 1   [ RunTime:0.225876s ]
SQL: INSERT INTO `urls` (`RowOrdinal`,`OriginalUrl`,`CreateTime`,`Md5`) VALUES (0,'\'http://abc\'','2014-03-13T14:11:59+08:00','0xcd426b0ee3fbae4da98005c7059274b1') [ RunTime:0.530119s ]
SQL: UPDATE `urls` SET `ExId`=35,`ShortUrl`='z' WHERE ( id=35 ) [ RunTime:0.079631s ]

[ 2014-03-13T14:12:00+08:00 ] 123.177.18.149 /encode.html
INFO: [ app_init ] --START--
INFO: [ app_init ] --END-- [ RunTime:0.001667s ]
INFO: [ path_info ] --START--
INFO: [ path_info ] --END-- [ RunTime:0.000044s ]
INFO: [ app_begin ] --START--
INFO: Run Behavior\ReadHtmlCache [ RunTime:0.000066s ]
INFO: [ app_begin ] --END-- [ RunTime:0.000147s ]
INFO: [ action_begin ] --START--
INFO: [ action_begin ] --END-- [ RunTime:0.000138s ]

[ 2014-03-13T14:12:14+08:00 ] 123.177.18.149 /z
INFO: [ app_init ] --START--
INFO: [ app_init ] --END-- [ RunTime:0.001987s ]
INFO: [ path_info ] --START--
INFO: [ path_info ] --END-- [ RunTime:0.000060s ]
INFO: [ app_begin ] --START--
INFO: Run Behavior\ReadHtmlCache [ RunTime:0.000074s ]
INFO: [ app_begin ] --END-- [ RunTime:0.000214s ]
INFO: [ action_begin ] --START--
INFO: [ action_begin ] --END-- [ RunTime:0.000116s ]
NOTIC: [8192] Function eregi() is deprecated /alidata/www/zrl/apps/zrl/Home/Controller/IndexController.class.php 第 192 行.
SQL: SHOW COLUMNS FROM `urls` [ RunTime:0.057853s ]
SQL: SELECT * FROM `urls` WHERE ( ShortUrl='z' ) LIMIT 1   [ RunTime:0.020946s ]
SQL: SHOW COLUMNS FROM `visit_records` [ RunTime:0.081727s ]
NOTIC: [8] Undefined index: HTTP_REFER /alidata/www/zrl/apps/zrl/Home/Controller/IndexController.class.php 第 163 行.
SQL: INSERT INTO `visit_records` (`UrlId`,`AccessTime`,`Ipv4`) VALUES ('35','2014-03-13T14:12:14+08:00','0x7bb11295') [ RunTime:0.082429s ]
SQL: SHOW COLUMNS FROM `visit_statistics` [ RunTime:0.023617s ]
SQL: SELECT * FROM `visit_statistics` WHERE ( UrlId=35 ) LIMIT 1   [ RunTime:0.000465s ]
SQL: INSERT INTO `visit_statistics` (`UrlId`,`VisitCount`) VALUES ('35','1') [ RunTime:0.032729s ]
INFO: [ app_end ] --START--
INFO: Run Behavior\ShowPageTrace [ RunTime:0.000070s ]
INFO: [ app_end ] --END-- [ RunTime:0.000167s ]

[ 2014-03-13T14:12:40+08:00 ] 123.177.18.149 /encode.html
INFO: [ app_init ] --START--
INFO: [ app_init ] --END-- [ RunTime:0.002254s ]
INFO: [ path_info ] --START--
INFO: [ path_info ] --END-- [ RunTime:0.000069s ]
INFO: [ app_begin ] --START--
INFO: Run Behavior\ReadHtmlCache [ RunTime:0.000081s ]
INFO: [ app_begin ] --END-- [ RunTime:0.000196s ]
INFO: [ action_begin ] --START--
INFO: [ action_begin ] --END-- [ RunTime:0.000078s ]

[ 2014-03-13T14:12:51+08:00 ] 123.177.18.149 /encode.html
INFO: [ app_init ] --START--
INFO: [ app_init ] --END-- [ RunTime:0.002407s ]
INFO: [ path_info ] --START--
INFO: [ path_info ] --END-- [ RunTime:0.000041s ]
INFO: [ app_begin ] --START--
INFO: Run Behavior\ReadHtmlCache [ RunTime:0.000106s ]
INFO: [ app_begin ] --END-- [ RunTime:0.000226s ]
INFO: [ action_begin ] --START--
INFO: [ action_begin ] --END-- [ RunTime:0.000060s ]

[ 2014-03-13T14:12:57+08:00 ] 123.177.18.149 /
INFO: [ app_init ] --START--
INFO: [ app_init ] --END-- [ RunTime:0.000495s ]
INFO: [ app_begin ] --START--
INFO: Run Behavior\ReadHtmlCache [ RunTime:0.000112s ]
INFO: [ app_begin ] --END-- [ RunTime:0.000246s ]
INFO: [ action_begin ] --START--
INFO: [ action_begin ] --END-- [ RunTime:0.000071s ]
INFO: [ view_begin ] --START--
INFO: [ view_begin ] --END-- [ RunTime:0.000076s ]
INFO: [ view_parse ] --START--
INFO: [ template_filter ] --START--
INFO: Run Behavior\ContentReplace [ RunTime:0.000251s ]
INFO: [ template_filter ] --END-- [ RunTime:0.000479s ]
NOTIC: [8] Undefined variable: tile /alidata/www/zrl/apps/zrl/Runtime/Cache/Home/ede5b53b030db22d1d6540c2a87c41a0.php 第 4 行.
INFO: Run Behavior\ParseTemplate [ RunTime:0.096895s ]
INFO: [ view_parse ] --END-- [ RunTime:0.097082s ]
INFO: [ view_filter ] --START--
INFO: Run Behavior\WriteHtmlCache [ RunTime:0.000049s ]
INFO: [ view_filter ] --END-- [ RunTime:0.000166s ]
INFO: [ view_end ] --START--
INFO: [ view_end ] --END-- [ RunTime:0.000050s ]
INFO: [ app_end ] --START--
INFO: Run Behavior\ShowPageTrace [ RunTime:0.000092s ]
INFO: [ app_end ] --END-- [ RunTime:0.000207s ]

[ 2014-03-13T14:13:01+08:00 ] 123.177.18.149 /v/newentry.html
INFO: [ app_init ] --START--
INFO: [ app_init ] --END-- [ RunTime:0.000563s ]
INFO: [ path_info ] --START--
INFO: [ path_info ] --END-- [ RunTime:0.000061s ]
INFO: [ app_begin ] --START--
INFO: Run Behavior\ReadHtmlCache [ RunTime:0.000126s ]
INFO: [ app_begin ] --END-- [ RunTime:0.000251s ]
INFO: [ action_begin ] --START--
INFO: [ action_begin ] --END-- [ RunTime:0.000079s ]
INFO: [ app_end ] --START--
INFO: Run Behavior\ShowPageTrace [ RunTime:0.000093s ]
INFO: [ app_end ] --END-- [ RunTime:0.000323s ]

[ 2014-03-13T14:13:07+08:00 ] 123.177.18.149 /encode.html
INFO: [ app_init ] --START--
INFO: [ app_init ] --END-- [ RunTime:0.002674s ]
INFO: [ path_info ] --START--
INFO: [ path_info ] --END-- [ RunTime:0.000060s ]
INFO: [ app_begin ] --START--
INFO: Run Behavior\ReadHtmlCache [ RunTime:0.000056s ]
INFO: [ app_begin ] --END-- [ RunTime:0.000134s ]
INFO: [ action_begin ] --START--
INFO: [ action_begin ] --END-- [ RunTime:0.000044s ]
SQL: SHOW COLUMNS FROM `urls` [ RunTime:0.205782s ]
SQL: SELECT * FROM `urls` WHERE ( md5=0x07c328990bf9526bbe74fb356a6681ed ) LIMIT 1   [ RunTime:0.098791s ]
SQL: INSERT INTO `urls` (`RowOrdinal`,`OriginalUrl`,`CreateTime`,`Md5`) VALUES (0,'\'http://abc1\'','2014-03-13T14:13:06+08:00','0x07c328990bf9526bbe74fb356a6681ed') [ RunTime:0.162609s ]
SQL: UPDATE `urls` SET `ExId`=36,`ShortUrl`='A' WHERE ( id=36 ) [ RunTime:0.057127s ]

[ 2014-03-13T14:13:35+08:00 ] 123.177.18.149 /
INFO: [ app_init ] --START--
INFO: [ app_init ] --END-- [ RunTime:0.003503s ]
INFO: [ app_begin ] --START--
INFO: Run Behavior\ReadHtmlCache [ RunTime:0.000112s ]
INFO: [ app_begin ] --END-- [ RunTime:0.000284s ]
INFO: [ action_begin ] --START--
INFO: [ action_begin ] --END-- [ RunTime:0.000191s ]
INFO: [ view_begin ] --START--
INFO: [ view_begin ] --END-- [ RunTime:0.000040s ]
INFO: [ view_parse ] --START--
INFO: [ template_filter ] --START--
INFO: Run Behavior\ContentReplace [ RunTime:0.000142s ]
INFO: [ template_filter ] --END-- [ RunTime:0.000352s ]
NOTIC: [8] Undefined variable: tile /alidata/www/zrl/apps/zrl/Runtime/Cache/Home/ede5b53b030db22d1d6540c2a87c41a0.php 第 4 行.
INFO: Run Behavior\ParseTemplate [ RunTime:0.086098s ]
INFO: [ view_parse ] --END-- [ RunTime:0.086232s ]
INFO: [ view_filter ] --START--
INFO: Run Behavior\WriteHtmlCache [ RunTime:0.000056s ]
INFO: [ view_filter ] --END-- [ RunTime:0.000182s ]
INFO: [ view_end ] --START--
INFO: [ view_end ] --END-- [ RunTime:0.000088s ]
INFO: [ app_end ] --START--
INFO: Run Behavior\ShowPageTrace [ RunTime:0.000094s ]
INFO: [ app_end ] --END-- [ RunTime:0.000257s ]

[ 2014-03-13T14:13:37+08:00 ] 123.177.18.149 /
INFO: [ app_init ] --START--
INFO: [ app_init ] --END-- [ RunTime:0.001737s ]
INFO: [ app_begin ] --START--
INFO: Run Behavior\ReadHtmlCache [ RunTime:0.000110s ]
INFO: [ app_begin ] --END-- [ RunTime:0.000248s ]
INFO: [ action_begin ] --START--
INFO: [ action_begin ] --END-- [ RunTime:0.000096s ]
INFO: [ view_begin ] --START--
INFO: [ view_begin ] --END-- [ RunTime:0.000069s ]
INFO: [ view_parse ] --START--
INFO: [ template_filter ] --START--
INFO: Run Behavior\ContentReplace [ RunTime:0.000103s ]
INFO: [ template_filter ] --END-- [ RunTime:0.000289s ]
NOTIC: [8] Undefined variable: tile /alidata/www/zrl/apps/zrl/Runtime/Cache/Home/ede5b53b030db22d1d6540c2a87c41a0.php 第 4 行.
INFO: Run Behavior\ParseTemplate [ RunTime:0.053934s ]
INFO: [ view_parse ] --END-- [ RunTime:0.054080s ]
INFO: [ view_filter ] --START--
INFO: Run Behavior\WriteHtmlCache [ RunTime:0.000042s ]
INFO: [ view_filter ] --END-- [ RunTime:0.000180s ]
INFO: [ view_end ] --START--
INFO: [ view_end ] --END-- [ RunTime:0.000056s ]
INFO: [ app_end ] --START--
INFO: Run Behavior\ShowPageTrace [ RunTime:0.000096s ]
INFO: [ app_end ] --END-- [ RunTime:0.000227s ]

[ 2014-03-13T14:17:56+08:00 ] 123.177.18.149 /
INFO: [ app_init ] --START--
INFO: [ app_init ] --END-- [ RunTime:0.002025s ]
INFO: [ app_begin ] --START--
INFO: Run Behavior\ReadHtmlCache [ RunTime:0.000116s ]
INFO: [ app_begin ] --END-- [ RunTime:0.000267s ]
INFO: [ action_begin ] --START--
INFO: [ action_begin ] --END-- [ RunTime:0.000086s ]
INFO: [ view_begin ] --START--
INFO: [ view_begin ] --END-- [ RunTime:0.000059s ]
INFO: [ view_parse ] --START--
INFO: [ template_filter ] --START--
INFO: Run Behavior\ContentReplace [ RunTime:0.000097s ]
INFO: [ template_filter ] --END-- [ RunTime:0.000202s ]
NOTIC: [8] Undefined variable: tile /alidata/www/zrl/apps/zrl/Runtime/Cache/Home/ede5b53b030db22d1d6540c2a87c41a0.php 第 4 行.
INFO: Run Behavior\ParseTemplate [ RunTime:0.026101s ]
INFO: [ view_parse ] --END-- [ RunTime:0.026343s ]
INFO: [ view_filter ] --START--
INFO: Run Behavior\WriteHtmlCache [ RunTime:0.000033s ]
INFO: [ view_filter ] --END-- [ RunTime:0.000151s ]
INFO: [ view_end ] --START--
INFO: [ view_end ] --END-- [ RunTime:0.000048s ]
INFO: [ app_end ] --START--
INFO: Run Behavior\ShowPageTrace [ RunTime:0.000111s ]
INFO: [ app_end ] --END-- [ RunTime:0.000232s ]

[ 2014-03-13T14:17:59+08:00 ] 123.177.18.149 /
INFO: [ app_init ] --START--
INFO: [ app_init ] --END-- [ RunTime:0.001691s ]
INFO: [ app_begin ] --START--
INFO: Run Behavior\ReadHtmlCache [ RunTime:0.000101s ]
INFO: [ app_begin ] --END-- [ RunTime:0.000227s ]
INFO: [ action_begin ] --START--
INFO: [ action_begin ] --END-- [ RunTime:0.000061s ]
INFO: [ view_begin ] --START--
INFO: [ view_begin ] --END-- [ RunTime:0.000052s ]
INFO: [ view_parse ] --START--
INFO: [ template_filter ] --START--
INFO: Run Behavior\ContentReplace [ RunTime:0.000147s ]
INFO: [ template_filter ] --END-- [ RunTime:0.000304s ]
NOTIC: [8] Undefined variable: tile /alidata/www/zrl/apps/zrl/Runtime/Cache/Home/ede5b53b030db22d1d6540c2a87c41a0.php 第 4 行.
INFO: Run Behavior\ParseTemplate [ RunTime:0.017328s ]
INFO: [ view_parse ] --END-- [ RunTime:0.017427s ]
INFO: [ view_filter ] --START--
INFO: Run Behavior\WriteHtmlCache [ RunTime:0.000033s ]
INFO: [ view_filter ] --END-- [ RunTime:0.000176s ]
INFO: [ view_end ] --START--
INFO: [ view_end ] --END-- [ RunTime:0.000047s ]
INFO: [ app_end ] --START--
INFO: Run Behavior\ShowPageTrace [ RunTime:0.000086s ]
INFO: [ app_end ] --END-- [ RunTime:0.000199s ]

[ 2014-03-13T14:18:00+08:00 ] 123.177.18.149 /about.html
INFO: [ app_init ] --START--
INFO: [ app_init ] --END-- [ RunTime:0.000490s ]
INFO: [ path_info ] --START--
INFO: [ path_info ] --END-- [ RunTime:0.000077s ]
INFO: [ app_begin ] --START--
INFO: Run Behavior\ReadHtmlCache [ RunTime:0.000094s ]
INFO: [ app_begin ] --END-- [ RunTime:0.000225s ]
INFO: [ action_begin ] --START--
INFO: [ action_begin ] --END-- [ RunTime:0.000067s ]
INFO: [ view_begin ] --START--
INFO: [ view_begin ] --END-- [ RunTime:0.000055s ]
INFO: [ view_parse ] --START--
INFO: [ template_filter ] --START--
INFO: Run Behavior\ContentReplace [ RunTime:0.000130s ]
INFO: [ template_filter ] --END-- [ RunTime:0.000281s ]
NOTIC: [8] Undefined variable: tile /alidata/www/zrl/apps/zrl/Runtime/Cache/Home/85111d46fa076542f2278efa151d75c6.php 第 4 行.
INFO: Run Behavior\ParseTemplate [ RunTime:0.021523s ]
INFO: [ view_parse ] --END-- [ RunTime:0.021656s ]
INFO: [ view_filter ] --START--
INFO: Run Behavior\WriteHtmlCache [ RunTime:0.000039s ]
INFO: [ view_filter ] --END-- [ RunTime:0.000173s ]
INFO: [ view_end ] --START--
INFO: [ view_end ] --END-- [ RunTime:0.000046s ]
INFO: [ app_end ] --START--
INFO: Run Behavior\ShowPageTrace [ RunTime:0.000088s ]
INFO: [ app_end ] --END-- [ RunTime:0.000204s ]

[ 2014-03-13T14:18:03+08:00 ] 123.177.18.149 /contact.html
INFO: [ app_init ] --START--
INFO: [ app_init ] --END-- [ RunTime:0.000510s ]
INFO: [ path_info ] --START--
INFO: [ path_info ] --END-- [ RunTime:0.000158s ]
INFO: [ app_begin ] --START--
INFO: Run Behavior\ReadHtmlCache [ RunTime:0.000122s ]
INFO: [ app_begin ] --END-- [ RunTime:0.000282s ]
INFO: [ action_begin ] --START--
INFO: [ action_begin ] --END-- [ RunTime:0.000100s ]
INFO: [ view_begin ] --START--
INFO: [ view_begin ] --END-- [ RunTime:0.000059s ]
INFO: [ view_parse ] --START--
INFO: [ template_filter ] --START--
INFO: Run Behavior\ContentReplace [ RunTime:0.000150s ]
INFO: [ template_filter ] --END-- [ RunTime:0.000296s ]
NOTIC: [8] Undefined variable: tile /alidata/www/zrl/apps/zrl/Runtime/Cache/Home/3f0f942a49992776f1e175d65c1f8ca1.php 第 4 行.
INFO: Run Behavior\ParseTemplate [ RunTime:0.015516s ]
INFO: [ view_parse ] --END-- [ RunTime:0.015669s ]
INFO: [ view_filter ] --START--
INFO: Run Behavior\WriteHtmlCache [ RunTime:0.000049s ]
INFO: [ view_filter ] --END-- [ RunTime:0.000167s ]
INFO: [ view_end ] --START--
INFO: [ view_end ] --END-- [ RunTime:0.000048s ]
INFO: [ app_end ] --START--
INFO: Run Behavior\ShowPageTrace [ RunTime:0.000089s ]
INFO: [ app_end ] --END-- [ RunTime:0.000218s ]

[ 2014-03-13T14:22:10+08:00 ] 123.125.232.11 /
INFO: [ app_init ] --START--
INFO: [ app_init ] --END-- [ RunTime:0.002145s ]
INFO: [ app_begin ] --START--
INFO: Run Behavior\ReadHtmlCache [ RunTime:0.000077s ]
INFO: [ app_begin ] --END-- [ RunTime:0.000173s ]
INFO: [ action_begin ] --START--
INFO: [ action_begin ] --END-- [ RunTime:0.000091s ]
INFO: [ view_begin ] --START--
INFO: [ view_begin ] --END-- [ RunTime:0.000060s ]
INFO: [ view_parse ] --START--
INFO: [ template_filter ] --START--
INFO: Run Behavior\ContentReplace [ RunTime:0.002485s ]
INFO: [ template_filter ] --END-- [ RunTime:0.002700s ]
NOTIC: [8] Undefined variable: tile /alidata/www/zrl/apps/zrl/Runtime/Cache/Home/ede5b53b030db22d1d6540c2a87c41a0.php 第 4 行.
INFO: Run Behavior\ParseTemplate [ RunTime:0.083502s ]
INFO: [ view_parse ] --END-- [ RunTime:0.083619s ]
INFO: [ view_filter ] --START--
INFO: Run Behavior\WriteHtmlCache [ RunTime:0.000039s ]
INFO: [ view_filter ] --END-- [ RunTime:0.000166s ]
INFO: [ view_end ] --START--
INFO: [ view_end ] --END-- [ RunTime:0.000085s ]
INFO: [ app_end ] --START--
INFO: Run Behavior\ShowPageTrace [ RunTime:0.000100s ]
INFO: [ app_end ] --END-- [ RunTime:0.000247s ]

[ 2014-03-13T16:34:34+08:00 ] 65.55.52.96 /
INFO: [ app_init ] --START--
INFO: [ app_init ] --END-- [ RunTime:0.002187s ]
INFO: [ app_begin ] --START--
INFO: Run Behavior\ReadHtmlCache [ RunTime:0.000101s ]
INFO: [ app_begin ] --END-- [ RunTime:0.000225s ]
INFO: [ action_begin ] --START--
INFO: [ action_begin ] --END-- [ RunTime:0.000170s ]
INFO: [ view_begin ] --START--
INFO: [ view_begin ] --END-- [ RunTime:0.000135s ]
INFO: [ view_parse ] --START--
INFO: [ template_filter ] --START--
INFO: Run Behavior\ContentReplace [ RunTime:0.000153s ]
INFO: [ template_filter ] --END-- [ RunTime:0.000371s ]
NOTIC: [8] Undefined variable: tile /alidata/www/zrl/apps/zrl/Runtime/Cache/Home/ede5b53b030db22d1d6540c2a87c41a0.php 第 4 行.
INFO: Run Behavior\ParseTemplate [ RunTime:0.159064s ]
INFO: [ view_parse ] --END-- [ RunTime:0.159197s ]
INFO: [ view_filter ] --START--
INFO: Run Behavior\WriteHtmlCache [ RunTime:0.000027s ]
INFO: [ view_filter ] --END-- [ RunTime:0.000105s ]
INFO: [ view_end ] --START--
INFO: [ view_end ] --END-- [ RunTime:0.000031s ]
INFO: [ app_end ] --START--
INFO: Run Behavior\ShowPageTrace [ RunTime:0.000070s ]
INFO: [ app_end ] --END-- [ RunTime:0.000145s ]

[ 2014-03-13T17:54:24+08:00 ] 117.136.5.194 /
INFO: [ app_init ] --START--
INFO: [ app_init ] --END-- [ RunTime:0.005890s ]
INFO: [ app_begin ] --START--
INFO: Run Behavior\ReadHtmlCache [ RunTime:0.000178s ]
INFO: [ app_begin ] --END-- [ RunTime:0.000393s ]
INFO: [ action_begin ] --START--
INFO: [ action_begin ] --END-- [ RunTime:0.000088s ]
INFO: [ view_begin ] --START--
INFO: [ view_begin ] --END-- [ RunTime:0.000176s ]
INFO: [ view_parse ] --START--
INFO: [ template_filter ] --START--
INFO: Run Behavior\ContentReplace [ RunTime:0.000143s ]
INFO: [ template_filter ] --END-- [ RunTime:0.000331s ]
NOTIC: [8] Undefined variable: tile /alidata/www/zrl/apps/zrl/Runtime/Cache/Home/ede5b53b030db22d1d6540c2a87c41a0.php 第 4 行.
INFO: Run Behavior\ParseTemplate [ RunTime:0.256029s ]
INFO: [ view_parse ] --END-- [ RunTime:0.256211s ]
INFO: [ view_filter ] --START--
INFO: Run Behavior\WriteHtmlCache [ RunTime:0.000035s ]
INFO: [ view_filter ] --END-- [ RunTime:0.000172s ]
INFO: [ view_end ] --START--
INFO: [ view_end ] --END-- [ RunTime:0.000069s ]
INFO: [ app_end ] --START--
INFO: Run Behavior\ShowPageTrace [ RunTime:0.000108s ]
INFO: [ app_end ] --END-- [ RunTime:0.000246s ]

[ 2014-03-13T17:54:37+08:00 ] 117.136.5.194 /v/newentry.html
INFO: [ app_init ] --START--
INFO: [ app_init ] --END-- [ RunTime:0.002611s ]
INFO: [ path_info ] --START--
INFO: [ path_info ] --END-- [ RunTime:0.000061s ]
INFO: [ app_begin ] --START--
INFO: Run Behavior\ReadHtmlCache [ RunTime:0.000108s ]
INFO: [ app_begin ] --END-- [ RunTime:0.000325s ]
INFO: [ action_begin ] --START--
INFO: [ action_begin ] --END-- [ RunTime:0.000096s ]
INFO: [ app_end ] --START--
INFO: Run Behavior\ShowPageTrace [ RunTime:0.000143s ]
INFO: [ app_end ] --END-- [ RunTime:0.000366s ]

[ 2014-03-13T17:54:44+08:00 ] 117.136.5.194 /v/newentry.html
INFO: [ app_init ] --START--
INFO: [ app_init ] --END-- [ RunTime:0.002186s ]
INFO: [ path_info ] --START--
INFO: [ path_info ] --END-- [ RunTime:0.000068s ]
INFO: [ app_begin ] --START--
INFO: Run Behavior\ReadHtmlCache [ RunTime:0.000114s ]
INFO: [ app_begin ] --END-- [ RunTime:0.000244s ]
INFO: [ action_begin ] --START--
INFO: [ action_begin ] --END-- [ RunTime:0.000067s ]
INFO: [ app_end ] --START--
INFO: Run Behavior\ShowPageTrace [ RunTime:0.000066s ]
INFO: [ app_end ] --END-- [ RunTime:0.000200s ]

[ 2014-03-13T17:54:50+08:00 ] 117.136.5.194 /v/newentry.html
INFO: [ app_init ] --START--
INFO: [ app_init ] --END-- [ RunTime:0.000306s ]
INFO: [ path_info ] --START--
INFO: [ path_info ] --END-- [ RunTime:0.000064s ]
INFO: [ app_begin ] --START--
INFO: Run Behavior\ReadHtmlCache [ RunTime:0.000120s ]
INFO: [ app_begin ] --END-- [ RunTime:0.000252s ]
INFO: [ action_begin ] --START--
INFO: [ action_begin ] --END-- [ RunTime:0.000065s ]
INFO: [ app_end ] --START--
INFO: Run Behavior\ShowPageTrace [ RunTime:0.000054s ]
INFO: [ app_end ] --END-- [ RunTime:0.000157s ]

[ 2014-03-13T19:19:34+08:00 ] 101.131.144.124 /v/newentry.html
INFO: [ app_init ] --START--
INFO: [ app_init ] --END-- [ RunTime:0.001917s ]
INFO: [ path_info ] --START--
INFO: [ path_info ] --END-- [ RunTime:0.000052s ]
INFO: [ app_begin ] --START--
INFO: Run Behavior\ReadHtmlCache [ RunTime:0.000091s ]
INFO: [ app_begin ] --END-- [ RunTime:0.000243s ]
INFO: [ action_begin ] --START--
INFO: [ action_begin ] --END-- [ RunTime:0.000131s ]
INFO: [ app_end ] --START--
INFO: Run Behavior\ShowPageTrace [ RunTime:0.000107s ]
INFO: [ app_end ] --END-- [ RunTime:0.000324s ]

[ 2014-03-13T19:19:40+08:00 ] 101.131.144.124 /v/newentry.html
INFO: [ app_init ] --START--
INFO: [ app_init ] --END-- [ RunTime:0.002022s ]
INFO: [ path_info ] --START--
INFO: [ path_info ] --END-- [ RunTime:0.000070s ]
INFO: [ app_begin ] --START--
INFO: Run Behavior\ReadHtmlCache [ RunTime:0.000100s ]
INFO: [ app_begin ] --END-- [ RunTime:0.000231s ]
INFO: [ action_begin ] --START--
INFO: [ action_begin ] --END-- [ RunTime:0.000067s ]
INFO: [ app_end ] --START--
INFO: Run Behavior\ShowPageTrace [ RunTime:0.000106s ]
INFO: [ app_end ] --END-- [ RunTime:0.000317s ]

[ 2014-03-13T19:19:52+08:00 ] 101.131.144.124 /encode.html
INFO: [ app_init ] --START--
INFO: [ app_init ] --END-- [ RunTime:0.002098s ]
INFO: [ path_info ] --START--
INFO: [ path_info ] --END-- [ RunTime:0.000095s ]
INFO: [ app_begin ] --START--
INFO: Run Behavior\ReadHtmlCache [ RunTime:0.000104s ]
INFO: [ app_begin ] --END-- [ RunTime:0.000224s ]
INFO: [ action_begin ] --START--
INFO: [ action_begin ] --END-- [ RunTime:0.000128s ]
SQL: SHOW COLUMNS FROM `urls` [ RunTime:0.432803s ]
SQL: SELECT * FROM `urls` WHERE ( md5=0x818f6a87f089a7b8a7ae5f36b01e915c ) LIMIT 1   [ RunTime:1.222057s ]
SQL: INSERT INTO `urls` (`RowOrdinal`,`OriginalUrl`,`CreateTime`,`Md5`) VALUES (0,'\'http://WWW\'','2014-03-13T19:19:52+08:00','0x818f6a87f089a7b8a7ae5f36b01e915c') [ RunTime:0.277778s ]
SQL: UPDATE `urls` SET `ExId`=37,`ShortUrl`='B' WHERE ( id=37 ) [ RunTime:0.102583s ]

[ 2014-03-13T19:44:22+08:00 ] 123.125.232.11 /
INFO: [ app_init ] --START--
INFO: [ app_init ] --END-- [ RunTime:0.004814s ]
INFO: [ app_begin ] --START--
INFO: Run Behavior\ReadHtmlCache [ RunTime:0.000080s ]
INFO: [ app_begin ] --END-- [ RunTime:0.000188s ]
INFO: [ action_begin ] --START--
INFO: [ action_begin ] --END-- [ RunTime:0.000102s ]
INFO: [ view_begin ] --START--
INFO: [ view_begin ] --END-- [ RunTime:0.000148s ]
INFO: [ view_parse ] --START--
INFO: [ template_filter ] --START--
INFO: Run Behavior\ContentReplace [ RunTime:0.000165s ]
INFO: [ template_filter ] --END-- [ RunTime:0.000344s ]
NOTIC: [8] Undefined variable: tile /alidata/www/zrl/apps/zrl/Runtime/Cache/Home/ede5b53b030db22d1d6540c2a87c41a0.php 第 4 行.
INFO: Run Behavior\ParseTemplate [ RunTime:0.176655s ]
INFO: [ view_parse ] --END-- [ RunTime:0.176868s ]
INFO: [ view_filter ] --START--
INFO: Run Behavior\WriteHtmlCache [ RunTime:0.000045s ]
INFO: [ view_filter ] --END-- [ RunTime:0.000169s ]
INFO: [ view_end ] --START--
INFO: [ view_end ] --END-- [ RunTime:0.000072s ]
INFO: [ app_end ] --START--
INFO: Run Behavior\ShowPageTrace [ RunTime:0.000068s ]
INFO: [ app_end ] --END-- [ RunTime:0.000186s ]

[ 2014-03-13T20:19:04+08:00 ] 113.105.95.122 /
INFO: [ app_init ] --START--
INFO: [ app_init ] --END-- [ RunTime:0.002128s ]
INFO: [ app_begin ] --START--
INFO: Run Behavior\ReadHtmlCache [ RunTime:0.000207s ]
INFO: [ app_begin ] --END-- [ RunTime:0.000450s ]
INFO: [ action_begin ] --START--
INFO: [ action_begin ] --END-- [ RunTime:0.000077s ]
INFO: [ view_begin ] --START--
INFO: [ view_begin ] --END-- [ RunTime:0.000040s ]
INFO: [ view_parse ] --START--
INFO: [ template_filter ] --START--
INFO: Run Behavior\ContentReplace [ RunTime:0.000150s ]
INFO: [ template_filter ] --END-- [ RunTime:0.000320s ]
NOTIC: [8] Undefined variable: tile /alidata/www/zrl/apps/zrl/Runtime/Cache/Home/ede5b53b030db22d1d6540c2a87c41a0.php 第 4 行.
INFO: Run Behavior\ParseTemplate [ RunTime:0.146662s ]
INFO: [ view_parse ] --END-- [ RunTime:0.146789s ]
INFO: [ view_filter ] --START--
INFO: Run Behavior\WriteHtmlCache [ RunTime:0.000035s ]
INFO: [ view_filter ] --END-- [ RunTime:0.000139s ]
INFO: [ view_end ] --START--
INFO: [ view_end ] --END-- [ RunTime:0.000032s ]
INFO: [ app_end ] --START--
INFO: Run Behavior\ShowPageTrace [ RunTime:0.000081s ]
INFO: [ app_end ] --END-- [ RunTime:0.000158s ]

[ 2014-03-13T20:19:05+08:00 ] 119.147.146.189 /
INFO: [ app_init ] --START--
INFO: [ app_init ] --END-- [ RunTime:0.001779s ]
INFO: [ app_begin ] --START--
INFO: Run Behavior\ReadHtmlCache [ RunTime:0.000121s ]
INFO: [ app_begin ] --END-- [ RunTime:0.000256s ]
INFO: [ action_begin ] --START--
INFO: [ action_begin ] --END-- [ RunTime:0.000061s ]
INFO: [ view_begin ] --START--
INFO: [ view_begin ] --END-- [ RunTime:0.000039s ]
INFO: [ view_parse ] --START--
INFO: [ template_filter ] --START--
INFO: Run Behavior\ContentReplace [ RunTime:0.000153s ]
INFO: [ template_filter ] --END-- [ RunTime:0.000351s ]
NOTIC: [8] Undefined variable: tile /alidata/www/zrl/apps/zrl/Runtime/Cache/Home/ede5b53b030db22d1d6540c2a87c41a0.php 第 4 行.
INFO: Run Behavior\ParseTemplate [ RunTime:0.009091s ]
INFO: [ view_parse ] --END-- [ RunTime:0.009177s ]
INFO: [ view_filter ] --START--
INFO: Run Behavior\WriteHtmlCache [ RunTime:0.000031s ]
INFO: [ view_filter ] --END-- [ RunTime:0.000115s ]
INFO: [ view_end ] --START--
INFO: [ view_end ] --END-- [ RunTime:0.000031s ]
INFO: [ app_end ] --START--
INFO: Run Behavior\ShowPageTrace [ RunTime:0.000065s ]
INFO: [ app_end ] --END-- [ RunTime:0.000190s ]

[ 2014-03-13T20:19:34+08:00 ] 119.137.57.9 /
INFO: [ app_init ] --START--
INFO: [ app_init ] --END-- [ RunTime:0.000483s ]
INFO: [ app_begin ] --START--
INFO: Run Behavior\ReadHtmlCache [ RunTime:0.000119s ]
INFO: [ app_begin ] --END-- [ RunTime:0.000266s ]
INFO: [ action_begin ] --START--
INFO: [ action_begin ] --END-- [ RunTime:0.000046s ]
INFO: [ view_begin ] --START--
INFO: [ view_begin ] --END-- [ RunTime:0.000037s ]
INFO: [ view_parse ] --START--
INFO: [ template_filter ] --START--
INFO: Run Behavior\ContentReplace [ RunTime:0.000128s ]
INFO: [ template_filter ] --END-- [ RunTime:0.000284s ]
NOTIC: [8] Undefined variable: tile /alidata/www/zrl/apps/zrl/Runtime/Cache/Home/ede5b53b030db22d1d6540c2a87c41a0.php 第 4 行.
INFO: Run Behavior\ParseTemplate [ RunTime:0.009439s ]
INFO: [ view_parse ] --END-- [ RunTime:0.009585s ]
INFO: [ view_filter ] --START--
INFO: Run Behavior\WriteHtmlCache [ RunTime:0.000047s ]
INFO: [ view_filter ] --END-- [ RunTime:0.000162s ]
INFO: [ view_end ] --START--
INFO: [ view_end ] --END-- [ RunTime:0.000048s ]
INFO: [ app_end ] --START--
INFO: Run Behavior\ShowPageTrace [ RunTime:0.000085s ]
INFO: [ app_end ] --END-- [ RunTime:0.000201s ]

[ 2014-03-13T20:19:40+08:00 ] 119.137.57.9 /
INFO: [ app_init ] --START--
INFO: [ app_init ] --END-- [ RunTime:0.000299s ]
INFO: [ app_begin ] --START--
INFO: Run Behavior\ReadHtmlCache [ RunTime:0.000066s ]
INFO: [ app_begin ] --END-- [ RunTime:0.000152s ]
INFO: [ action_begin ] --START--
INFO: [ action_begin ] --END-- [ RunTime:0.000044s ]
INFO: [ view_begin ] --START--
INFO: [ view_begin ] --END-- [ RunTime:0.000036s ]
INFO: [ view_parse ] --START--
INFO: [ template_filter ] --START--
INFO: Run Behavior\ContentReplace [ RunTime:0.000083s ]
INFO: [ template_filter ] --END-- [ RunTime:0.000178s ]
NOTIC: [8] Undefined variable: tile /alidata/www/zrl/apps/zrl/Runtime/Cache/Home/ede5b53b030db22d1d6540c2a87c41a0.php 第 4 行.
INFO: Run Behavior\ParseTemplate [ RunTime:0.008124s ]
INFO: [ view_parse ] --END-- [ RunTime:0.008207s ]
INFO: [ view_filter ] --START--
INFO: Run Behavior\WriteHtmlCache [ RunTime:0.000021s ]
INFO: [ view_filter ] --END-- [ RunTime:0.000092s ]
INFO: [ view_end ] --START--
INFO: [ view_end ] --END-- [ RunTime:0.000030s ]
INFO: [ app_end ] --START--
INFO: Run Behavior\ShowPageTrace [ RunTime:0.000052s ]
INFO: [ app_end ] --END-- [ RunTime:0.000139s ]

[ 2014-03-13T20:29:19+08:00 ] 66.249.67.20 /index.php?m=cms
INFO: [ app_init ] --START--
INFO: [ app_init ] --END-- [ RunTime:0.002318s ]
INFO: [ app_begin ] --START--
INFO: Run Behavior\ReadHtmlCache [ RunTime:0.000086s ]
INFO: [ app_begin ] --END-- [ RunTime:0.000225s ]
INFO: [ action_begin ] --START--
INFO: [ action_begin ] --END-- [ RunTime:0.000103s ]
INFO: [ view_begin ] --START--
INFO: [ view_begin ] --END-- [ RunTime:0.000062s ]
INFO: [ view_parse ] --START--
INFO: [ template_filter ] --START--
INFO: Run Behavior\ContentReplace [ RunTime:0.000140s ]
INFO: [ template_filter ] --END-- [ RunTime:0.000311s ]
NOTIC: [8] Undefined variable: tile /alidata/www/zrl/apps/zrl/Runtime/Cache/Home/ede5b53b030db22d1d6540c2a87c41a0.php 第 4 行.
INFO: Run Behavior\ParseTemplate [ RunTime:0.224241s ]
INFO: [ view_parse ] --END-- [ RunTime:0.224390s ]
INFO: [ view_filter ] --START--
INFO: Run Behavior\WriteHtmlCache [ RunTime:0.000034s ]
INFO: [ view_filter ] --END-- [ RunTime:0.000149s ]
INFO: [ view_end ] --START--
INFO: [ view_end ] --END-- [ RunTime:0.000071s ]
INFO: [ app_end ] --START--
INFO: Run Behavior\ShowPageTrace [ RunTime:0.000078s ]
INFO: [ app_end ] --END-- [ RunTime:0.000177s ]

